<?xml version="1.0" encoding="UTF-8"?>
<!-- Generated by org.testng.reporters.JUnitReportReporter -->
<testsuite hostname="CSCO-W-PF2S3T06" failures="0" tests="1" name="com.flyaway.Rest_FlyAway" time="1.922" errors="0" timestamp="2024-01-22T18:08:06 IST" skipped="0">
  <testcase classname="com.flyaway.Rest_FlyAway" name="testFlightSearchApi" time="1.922"/>
  <system-out/>
</testsuite> <!-- com.flyaway.Rest_FlyAway -->
